Added Component: Designator=JP1(HED2)
Add component (AddParameter): Name = "Class"; Value = "Connector"; VariantName = "[No Variations]"
Add component (AddParameter): Name = "Manufacturer"; Value = "Generic Components"; VariantName = "[No Variations]"
Add component (AddParameter): Name = "Value"; Value = "Header 2"; VariantName = "[No Variations]"
Added Component: Designator=JP?(HED2)
Add component (AddParameter): Name = "Class"; Value = "Connector"; VariantName = "[No Variations]"
Add component (AddParameter): Name = "Manufacturer"; Value = "Generic Components"; VariantName = "[No Variations]"
Add component (AddParameter): Name = "Value"; Value = "Header 2"; VariantName = "[No Variations]"
Added Component: Designator=JP?(HED2)
Add component (AddParameter): Name = "Class"; Value = "Connector"; VariantName = "[No Variations]"
Add component (AddParameter): Name = "Manufacturer"; Value = "Generic Components"; VariantName = "[No Variations]"
Add component (AddParameter): Name = "Value"; Value = "Header 2"; VariantName = "[No Variations]"
Added Member To Class: ClassName=connection_board Member=Component C? JP20
Added Member To Class: ClassName=connection_board Member=Component C? JP20
Added Member To Class: ClassName=connection_board Member=Component C? JP20
Added Member To Class: ClassName=connection_board Member=Component C? JP20
Added Member To Class: ClassName=connection_board Member=Component JP1 Header 2_1
Added Member To Class: ClassName=connection_board Member=Component JP? Header 2_1
Added Member To Class: ClassName=connection_board Member=Component JP? Header 2_1
Added Member To Class: ClassName=connection_board Member=Component S? MTS 103
Added Room: Name=connection_board
