Removed Member From Class: ClassName=connection_board Member=F?
Change Component Designator: OldDesignator=Encode1 NewDesignator=Encoder1
Added Component: Designator=C?(JP20-C1T)
Add component (AddParameter): Name = "ComponentLink1 Description"; Value = "Manufacturer"; VariantName = "[No Variations]"
Add component (AddParameter): Name = "ComponentLink1URL"; Value = "http://www.we-online.com"; VariantName = "[No Variations]"
Add component (AddParameter): Name = "ComponentLink2 Description"; Value = "Datasheet"; VariantName = "[No Variations]"
Add component (AddParameter): Name = "ComponentLink2URL"; Value = "http://katalog.we-online.de/em/datasheet/6130xx143121.pdf"; VariantName = "[No Variations]"
Add component (AddParameter): Name = "Created by"; Value = "Karrer Zheng"; VariantName = "[No Variations]"
Add component (AddParameter): Name = "Created Date"; Value = "29 March 2013"; VariantName = "[No Variations]"
Add component (AddParameter): Name = "Manufacturer"; Value = "W¨¹rth Elektronik eiSos GmbH"; VariantName = "[No Variations]"
Add component (AddParameter): Name = "NoPins"; Value = "20"; VariantName = "[No Variations]"
Add component (AddParameter): Name = "partNo"; Value = "613020143121"; VariantName = "[No Variations]"
Added Component: Designator=C?(JP20-C1T)
Add component (AddParameter): Name = "ComponentLink1 Description"; Value = "Manufacturer"; VariantName = "[No Variations]"
Add component (AddParameter): Name = "ComponentLink1URL"; Value = "http://www.we-online.com"; VariantName = "[No Variations]"
Add component (AddParameter): Name = "ComponentLink2 Description"; Value = "Datasheet"; VariantName = "[No Variations]"
Add component (AddParameter): Name = "ComponentLink2URL"; Value = "http://katalog.we-online.de/em/datasheet/6130xx143121.pdf"; VariantName = "[No Variations]"
Add component (AddParameter): Name = "Created by"; Value = "Karrer Zheng"; VariantName = "[No Variations]"
Add component (AddParameter): Name = "Created Date"; Value = "29 March 2013"; VariantName = "[No Variations]"
Add component (AddParameter): Name = "Manufacturer"; Value = "W¨¹rth Elektronik eiSos GmbH"; VariantName = "[No Variations]"
Add component (AddParameter): Name = "NoPins"; Value = "20"; VariantName = "[No Variations]"
Add component (AddParameter): Name = "partNo"; Value = "613020143121"; VariantName = "[No Variations]"
Added Component: Designator=C?(JP20-C1T)
Add component (AddParameter): Name = "ComponentLink1 Description"; Value = "Manufacturer"; VariantName = "[No Variations]"
Add component (AddParameter): Name = "ComponentLink1URL"; Value = "http://www.we-online.com"; VariantName = "[No Variations]"
Add component (AddParameter): Name = "ComponentLink2 Description"; Value = "Datasheet"; VariantName = "[No Variations]"
Add component (AddParameter): Name = "ComponentLink2URL"; Value = "http://katalog.we-online.de/em/datasheet/6130xx143121.pdf"; VariantName = "[No Variations]"
Add component (AddParameter): Name = "Created by"; Value = "Karrer Zheng"; VariantName = "[No Variations]"
Add component (AddParameter): Name = "Created Date"; Value = "29 March 2013"; VariantName = "[No Variations]"
Add component (AddParameter): Name = "Manufacturer"; Value = "W¨¹rth Elektronik eiSos GmbH"; VariantName = "[No Variations]"
Add component (AddParameter): Name = "NoPins"; Value = "20"; VariantName = "[No Variations]"
Add component (AddParameter): Name = "partNo"; Value = "613020143121"; VariantName = "[No Variations]"
Added Component: Designator=JP1(HED2)
Add component (AddParameter): Name = "Class"; Value = "Connector"; VariantName = "[No Variations]"
Add component (AddParameter): Name = "Manufacturer"; Value = "Generic Components"; VariantName = "[No Variations]"
Add component (AddParameter): Name = "Value"; Value = "Header 2"; VariantName = "[No Variations]"
Added Component: Designator=JP1(HED2)
Add component (AddParameter): Name = "Class"; Value = "Connector"; VariantName = "[No Variations]"
Add component (AddParameter): Name = "Manufacturer"; Value = "Generic Components"; VariantName = "[No Variations]"
Add component (AddParameter): Name = "Value"; Value = "Header 2"; VariantName = "[No Variations]"
Added Component: Designator=JP?(HED2)
Add component (AddParameter): Name = "Class"; Value = "Connector"; VariantName = "[No Variations]"
Add component (AddParameter): Name = "Manufacturer"; Value = "Generic Components"; VariantName = "[No Variations]"
Add component (AddParameter): Name = "Value"; Value = "Header 2"; VariantName = "[No Variations]"
Added Pin To Net: NetName=GND Pin=C?-1
Added Pin To Net: NetName=GND Pin=C?-1
Added Pin To Net: NetName=GND Pin=C?-2
Added Pin To Net: NetName=GND Pin=C?-2
Added Pin To Net: NetName=GND Pin=C?-19
Added Pin To Net: NetName=GND Pin=C?-19
Added Pin To Net: NetName=NetC3_2 Pin=C?-20
Added Pin To Net: NetName=NetC3_2 Pin=C?-20
Added Pin To Net: NetName=+12V Pin=JP1-1
Added Pin To Net: NetName=NetC3_2 Pin=JP1-1
Added Pin To Net: NetName=GND Pin=JP1-2
Added Pin To Net: NetName=GND Pin=JP1-2
Added Pin To Net: NetName=GND Pin=JP?-2
Added Pin To Net: NetName=GND Pin=U1-19
Added Pin To Net: NetName=NetC3_2 Pin=U1-21
Added Pin To Net: NetName=GND Pin=U1-39
Added Pin To Net: NetName=GND Pin=U1-40
Added Pin To Net: NetName=GND Pin=U2-19
Added Pin To Net: NetName=NetC3_2 Pin=U2-21
Added Pin To Net: NetName=GND Pin=U2-39
Added Pin To Net: NetName=GND Pin=U2-40
Change Net Name : Old Net Name=NetC3_2 New Net Name=5V_input
Added Pin To Net: NetName=3V3_input Pin=JP?-1
Added Net: Name=3V3_input
Added Pin To Net: NetName=U1_3V3_1 Pin=C?-20
Added Pin To Net: NetName=U1_3V3_1 Pin=U1-20
Added Net: Name=U1_3V3_1
Added Pin To Net: NetName=U1_3V3_2 Pin=C?-3
Added Pin To Net: NetName=U1_3V3_2 Pin=U1-38
Added Net: Name=U1_3V3_2
Added Pin To Net: NetName=U1_5V Pin=C?-18
Added Pin To Net: NetName=U1_5V Pin=U1-18
Added Net: Name=U1_5V
Added Pin To Net: NetName=U1_NRST Pin=C?-4
Added Pin To Net: NetName=U1_NRST Pin=U1-37
Added Net: Name=U1_NRST
Added Pin To Net: NetName=U1_PA0 Pin=C?-16
Added Pin To Net: NetName=U1_PA0 Pin=U1-25
Added Net: Name=U1_PA0
Added Pin To Net: NetName=U1_PA1 Pin=C?-15
Added Pin To Net: NetName=U1_PA1 Pin=U1-26
Added Net: Name=U1_PA1
Added Pin To Net: NetName=U1_PA2 Pin=C?-14
Added Pin To Net: NetName=U1_PA2 Pin=U1-27
Added Net: Name=U1_PA2
Added Pin To Net: NetName=U1_PA3 Pin=C?-13
Added Pin To Net: NetName=U1_PA3 Pin=U1-28
Added Net: Name=U1_PA3
Added Pin To Net: NetName=U1_PA4 Pin=C?-12
Added Pin To Net: NetName=U1_PA4 Pin=U1-29
Added Net: Name=U1_PA4
Added Pin To Net: NetName=U1_PA5 Pin=C?-11
Added Pin To Net: NetName=U1_PA5 Pin=U1-30
Added Net: Name=U1_PA5
Added Pin To Net: NetName=U1_PA6 Pin=C?-10
Added Pin To Net: NetName=U1_PA6 Pin=U1-31
Added Net: Name=U1_PA6
Added Pin To Net: NetName=U1_PA7 Pin=C?-9
Added Pin To Net: NetName=U1_PA7 Pin=U1-32
Added Net: Name=U1_PA7
Added Pin To Net: NetName=U1_PA8 Pin=C?-5
Added Pin To Net: NetName=U1_PA8 Pin=U1-5
Added Net: Name=U1_PA8
Added Pin To Net: NetName=U1_PA9 Pin=C?-6
Added Pin To Net: NetName=U1_PA9 Pin=U1-6
Added Net: Name=U1_PA9
Added Pin To Net: NetName=U1_PA10 Pin=C?-7
Added Pin To Net: NetName=U1_PA10 Pin=U1-7
Added Net: Name=U1_PA10
Added Pin To Net: NetName=U1_PA11 Pin=C?-8
Added Pin To Net: NetName=U1_PA11 Pin=U1-8
Added Net: Name=U1_PA11
Added Pin To Net: NetName=U1_PA12 Pin=C?-9
Added Pin To Net: NetName=U1_PA12 Pin=U1-9
Added Net: Name=U1_PA12
Added Pin To Net: NetName=U1_PA15 Pin=C?-10
Added Pin To Net: NetName=U1_PA15 Pin=U1-10
Added Net: Name=U1_PA15
Added Pin To Net: NetName=U1_PB0 Pin=C?-8
Added Pin To Net: NetName=U1_PB0 Pin=U1-33
Added Net: Name=U1_PB0
Added Pin To Net: NetName=U1_PB1 Pin=C?-7
Added Pin To Net: NetName=U1_PB1 Pin=U1-34
Added Net: Name=U1_PB1
Added Pin To Net: NetName=U1_PB3 Pin=C?-11
Added Pin To Net: NetName=U1_PB3 Pin=U1-11
Added Net: Name=U1_PB3
Added Pin To Net: NetName=U1_PB4 Pin=C?-12
Added Pin To Net: NetName=U1_PB4 Pin=U1-12
Added Net: Name=U1_PB4
Added Pin To Net: NetName=U1_PB5 Pin=C?-13
Added Pin To Net: NetName=U1_PB5 Pin=U1-13
Added Net: Name=U1_PB5
Added Pin To Net: NetName=U1_PB6 Pin=C?-14
Added Pin To Net: NetName=U1_PB6 Pin=U1-14
Added Net: Name=U1_PB6
Added Pin To Net: NetName=U1_PB7 Pin=C?-15
Added Pin To Net: NetName=U1_PB7 Pin=U1-15
Added Net: Name=U1_PB7
Added Pin To Net: NetName=U1_PB8 Pin=C?-16
Added Pin To Net: NetName=U1_PB8 Pin=U1-16
Added Net: Name=U1_PB8
Added Pin To Net: NetName=U1_PB9 Pin=C?-17
Added Pin To Net: NetName=U1_PB9 Pin=U1-17
Added Net: Name=U1_PB9
Added Pin To Net: NetName=U1_PB10 Pin=C?-6
Added Pin To Net: NetName=U1_PB10 Pin=U1-35
Added Net: Name=U1_PB10
Added Pin To Net: NetName=U1_PB11 Pin=C?-5
Added Pin To Net: NetName=U1_PB11 Pin=U1-36
Added Net: Name=U1_PB11
Added Pin To Net: NetName=U1_PB12 Pin=C?-1
Added Pin To Net: NetName=U1_PB12 Pin=U1-1
Added Net: Name=U1_PB12
Added Pin To Net: NetName=U1_PB13 Pin=C?-2
Added Pin To Net: NetName=U1_PB13 Pin=U1-2
Added Net: Name=U1_PB13
Added Pin To Net: NetName=U1_PB14 Pin=C?-3
Added Pin To Net: NetName=U1_PB14 Pin=U1-3
Added Net: Name=U1_PB14
Added Pin To Net: NetName=U1_PB15 Pin=C?-4
Added Pin To Net: NetName=U1_PB15 Pin=U1-4
Added Net: Name=U1_PB15
Added Pin To Net: NetName=U1_PC13 Pin=C?-19
Added Pin To Net: NetName=U1_PC13 Pin=U1-22
Added Net: Name=U1_PC13
Added Pin To Net: NetName=U1_PC14 Pin=C?-18
Added Pin To Net: NetName=U1_PC14 Pin=U1-23
Added Net: Name=U1_PC14
Added Pin To Net: NetName=U1_PC15 Pin=C?-17
Added Pin To Net: NetName=U1_PC15 Pin=U1-24
Added Net: Name=U1_PC15
Added Pin To Net: NetName=U2_3V3_1 Pin=C?-20
Added Pin To Net: NetName=U2_3V3_1 Pin=U2-20
Added Net: Name=U2_3V3_1
Added Pin To Net: NetName=U2_3V3_2 Pin=C?-3
Added Pin To Net: NetName=U2_3V3_2 Pin=U2-38
Added Net: Name=U2_3V3_2
Added Pin To Net: NetName=U2_5V Pin=C?-18
Added Pin To Net: NetName=U2_5V Pin=U2-18
Added Net: Name=U2_5V
Added Pin To Net: NetName=U2_NRST Pin=C?-4
Added Pin To Net: NetName=U2_NRST Pin=U2-37
Added Net: Name=U2_NRST
Added Pin To Net: NetName=U2_PA0 Pin=C?-16
Added Pin To Net: NetName=U2_PA0 Pin=U2-25
Added Net: Name=U2_PA0
Added Pin To Net: NetName=U2_PA1 Pin=C?-15
Added Pin To Net: NetName=U2_PA1 Pin=U2-26
Added Net: Name=U2_PA1
Added Pin To Net: NetName=U2_PA2 Pin=C?-14
Added Pin To Net: NetName=U2_PA2 Pin=U2-27
Added Net: Name=U2_PA2
Added Pin To Net: NetName=U2_PA3 Pin=C?-13
Added Pin To Net: NetName=U2_PA3 Pin=U2-28
Added Net: Name=U2_PA3
Added Pin To Net: NetName=U2_PA4 Pin=C?-12
Added Pin To Net: NetName=U2_PA4 Pin=U2-29
Added Net: Name=U2_PA4
Added Pin To Net: NetName=U2_PA5 Pin=C?-11
Added Pin To Net: NetName=U2_PA5 Pin=U2-30
Added Net: Name=U2_PA5
Added Pin To Net: NetName=U2_PA6 Pin=C?-10
Added Pin To Net: NetName=U2_PA6 Pin=U2-31
Added Net: Name=U2_PA6
Added Pin To Net: NetName=U2_PA7 Pin=C?-9
Added Pin To Net: NetName=U2_PA7 Pin=U2-32
Added Net: Name=U2_PA7
Added Pin To Net: NetName=U2_PA8 Pin=C?-5
Added Pin To Net: NetName=U2_PA8 Pin=U2-5
Added Net: Name=U2_PA8
Added Pin To Net: NetName=U2_PA9 Pin=C?-6
Added Pin To Net: NetName=U2_PA9 Pin=U2-6
Added Net: Name=U2_PA9
Added Pin To Net: NetName=U2_PA10 Pin=C?-7
Added Pin To Net: NetName=U2_PA10 Pin=U2-7
Added Net: Name=U2_PA10
Added Pin To Net: NetName=U2_PA11 Pin=C?-8
Added Pin To Net: NetName=U2_PA11 Pin=U2-8
Added Net: Name=U2_PA11
Added Pin To Net: NetName=U2_PA12 Pin=C?-9
Added Pin To Net: NetName=U2_PA12 Pin=U2-9
Added Net: Name=U2_PA12
Added Pin To Net: NetName=U2_PA15 Pin=C?-10
Added Pin To Net: NetName=U2_PA15 Pin=U2-10
Added Net: Name=U2_PA15
Added Pin To Net: NetName=U2_PB0 Pin=C?-8
Added Pin To Net: NetName=U2_PB0 Pin=U2-33
Added Net: Name=U2_PB0
Added Pin To Net: NetName=U2_PB1 Pin=C?-7
Added Pin To Net: NetName=U2_PB1 Pin=U2-34
Added Net: Name=U2_PB1
Added Pin To Net: NetName=U2_PB3 Pin=C?-11
Added Pin To Net: NetName=U2_PB3 Pin=U2-11
Added Net: Name=U2_PB3
Added Pin To Net: NetName=U2_PB4 Pin=C?-12
Added Pin To Net: NetName=U2_PB4 Pin=U2-12
Added Net: Name=U2_PB4
Added Pin To Net: NetName=U2_PB5 Pin=C?-13
Added Pin To Net: NetName=U2_PB5 Pin=U2-13
Added Net: Name=U2_PB5
Added Pin To Net: NetName=U2_PB6 Pin=C?-14
Added Pin To Net: NetName=U2_PB6 Pin=U2-14
Added Net: Name=U2_PB6
Added Pin To Net: NetName=U2_PB7 Pin=C?-15
Added Pin To Net: NetName=U2_PB7 Pin=U2-15
Added Net: Name=U2_PB7
Added Pin To Net: NetName=U2_PB8 Pin=C?-16
Added Pin To Net: NetName=U2_PB8 Pin=U2-16
Added Net: Name=U2_PB8
Added Pin To Net: NetName=U2_PB9 Pin=C?-17
Added Pin To Net: NetName=U2_PB9 Pin=U2-17
Added Net: Name=U2_PB9
Added Pin To Net: NetName=U2_PB10 Pin=C?-6
Added Pin To Net: NetName=U2_PB10 Pin=U2-35
Added Net: Name=U2_PB10
Added Pin To Net: NetName=U2_PB11 Pin=C?-5
Added Pin To Net: NetName=U2_PB11 Pin=U2-36
Added Net: Name=U2_PB11
Added Pin To Net: NetName=U2_PB12 Pin=C?-1
Added Pin To Net: NetName=U2_PB12 Pin=U2-1
Added Net: Name=U2_PB12
Added Pin To Net: NetName=U2_PB13 Pin=C?-2
Added Pin To Net: NetName=U2_PB13 Pin=U2-2
Added Net: Name=U2_PB13
Added Pin To Net: NetName=U2_PB14 Pin=C?-3
Added Pin To Net: NetName=U2_PB14 Pin=U2-3
Added Net: Name=U2_PB14
Added Pin To Net: NetName=U2_PB15 Pin=C?-4
Added Pin To Net: NetName=U2_PB15 Pin=U2-4
Added Net: Name=U2_PB15
Added Pin To Net: NetName=U2_PC13 Pin=C?-19
Added Pin To Net: NetName=U2_PC13 Pin=U2-22
Added Net: Name=U2_PC13
Added Pin To Net: NetName=U2_PC14 Pin=C?-18
Added Pin To Net: NetName=U2_PC14 Pin=U2-23
Added Net: Name=U2_PC14
Added Pin To Net: NetName=U2_PC15 Pin=C?-17
Added Pin To Net: NetName=U2_PC15 Pin=U2-24
Added Net: Name=U2_PC15
Added Member To Class: ClassName=connection_board Member=Component C? JP20
Added Member To Class: ClassName=connection_board Member=Component C? JP20
Added Member To Class: ClassName=connection_board Member=Component C? JP20
Added Member To Class: ClassName=connection_board Member=Component JP1 Header 2_1
Added Room: Name=connection_board
